<?xml version="1.0" encoding="UTF-8"?>
<!-- Generated by org.testng.reporters.JUnitReportReporter -->
<testsuite hostname="LIN16008253" failures="0" tests="1" name="com.anj.TCLoginTest" time="18.884" errors="0" timestamp="2022-08-17T22:11:05 IST" skipped="0">
  <testcase classname="com.anj.TCLoginTest" name="login_Test" time="18.884"/>
  <system-out/>
</testsuite> <!-- com.anj.TCLoginTest -->
