<?xml version="1.0" encoding="UTF-8"?>
<!-- Generated by org.testng.reporters.JUnitReportReporter -->
<testsuite hostname="LIN16008253" failures="0" tests="1" name="com.anj.TCLoginTestTest" time="0.026" errors="0" timestamp="2022-08-17T20:52:17 IST" skipped="0">
  <testcase classname="com.anj.TCLoginTestTest" name="f" time="0.026"/>
  <system-out/>
</testsuite> <!-- com.anj.TCLoginTestTest -->
